timestamp: 2015-05-01T00:46:46.020000
CREATE TABLE auth_user(
    id INTEGER PRIMARY KEY AUTOINCREMENT,
    first_name CHAR(128),
    last_name CHAR(128),
    email CHAR(512),
    password CHAR(512),
    registration_key CHAR(512),
    reset_password_key CHAR(512),
    registration_id CHAR(512)
);
success!
timestamp: 2015-05-01T00:46:46.025000
CREATE TABLE auth_group(
    id INTEGER PRIMARY KEY AUTOINCREMENT,
    role CHAR(512),
    description TEXT
);
success!
timestamp: 2015-05-01T00:46:46.029000
CREATE TABLE auth_membership(
    id INTEGER PRIMARY KEY AUTOINCREMENT,
    user_id INTEGER REFERENCES auth_user (id) ON DELETE CASCADE,
    group_id INTEGER REFERENCES auth_group (id) ON DELETE CASCADE
);
success!
timestamp: 2015-05-01T00:46:46.032000
CREATE TABLE auth_permission(
    id INTEGER PRIMARY KEY AUTOINCREMENT,
    group_id INTEGER REFERENCES auth_group (id) ON DELETE CASCADE,
    name CHAR(512),
    table_name CHAR(512),
    record_id INTEGER
);
success!
timestamp: 2015-05-01T00:46:46.043000
CREATE TABLE auth_event(
    id INTEGER PRIMARY KEY AUTOINCREMENT,
    time_stamp TIMESTAMP,
    client_ip CHAR(512),
    user_id INTEGER REFERENCES auth_user (id) ON DELETE CASCADE,
    origin CHAR(512),
    description TEXT
);
success!
timestamp: 2015-05-01T00:46:46.047000
CREATE TABLE auth_cas(
    id INTEGER PRIMARY KEY AUTOINCREMENT,
    user_id INTEGER REFERENCES auth_user (id) ON DELETE CASCADE,
    created_on TIMESTAMP,
    service CHAR(512),
    ticket CHAR(512),
    renew CHAR(1)
);
success!
timestamp: 2015-05-01T00:46:46.051000
CREATE TABLE courses(
    id INTEGER PRIMARY KEY AUTOINCREMENT,
    course_number INTEGER,
    semester CHAR(512),
    course_name CHAR(512),
    points INTEGER
);
success!
timestamp: 2015-05-01T00:46:46.054000
CREATE TABLE groups(
    id INTEGER PRIMARY KEY AUTOINCREMENT,
    grouop_id INTEGER,
    course_id INTEGER,
    lesson_type CHAR(512)
);
success!
timestamp: 2015-05-01T00:46:46.058000
CREATE TABLE moed(
    id INTEGER PRIMARY KEY AUTOINCREMENT,
    group_id INTEGER,
    week_day INTEGER,
    hour_from INTEGER,
    hour_to INTEGER
);
success!
